

============================== 2022-03-07 16:43:14.316967 | 84e87540-d532-45fd-adb8-1029a2948c15 ==============================
16:43:14.316967 [info ] [MainThread]: Running with dbt=1.0.3
16:43:14.317331 [debug] [MainThread]: running dbt with arguments Namespace(record_timing_info=None, debug=None, log_format=None, write_json=None, use_colors=None, printer_width=None, warn_error=None, version_check=None, partial_parse=None, single_threaded=False, use_experimental_parser=None, static_parser=None, profiles_dir='/home/mateo/.dbt', send_anonymous_usage_stats=None, fail_fast=None, event_buffer_size=None, project_dir=None, profile=None, target=None, vars='{}', log_cache_events=False, project_name=None, skip_profile_setup=False, defer=None, state=None, cls=<class 'dbt.task.init.InitTask'>, which='init', rpc_method=None)
16:43:14.317507 [debug] [MainThread]: Tracking: tracking
16:43:14.320713 [debug] [MainThread]: Sending event: {'category': 'dbt', 'action': 'invocation', 'label': 'start', 'context': [<snowplow_tracker.self_describing_json.SelfDescribingJson object at 0x7fcb9f1840a0>, <snowplow_tracker.self_describing_json.SelfDescribingJson object at 0x7fcb9f179eb0>, <snowplow_tracker.self_describing_json.SelfDescribingJson object at 0x7fcb9f179fa0>]}
16:43:14.321239 [info ] [MainThread]: Creating dbt configuration folder at /home/mateo/.dbt
16:43:39.597426 [debug] [MainThread]: Starter project path: /home/mateo/.local/lib/python3.9/site-packages/dbt/include/starter_project
16:46:46.365751 [info ] [MainThread]: Profile football_dbt written to /home/mateo/.dbt/profiles.yml using target's profile_template.yml and your supplied values. Run 'dbt debug' to validate the connection.
16:46:46.367265 [info ] [MainThread]: 
Your new dbt project "football_dbt" was created!

For more information on how to configure the profiles.yml file,
please consult the dbt documentation here:

  https://docs.getdbt.com/docs/configure-your-profile

One more thing:

Need help? Don't hesitate to reach out to us via GitHub issues or on Slack:

  https://community.getdbt.com/

Happy modeling!

16:46:46.368836 [debug] [MainThread]: Sending event: {'category': 'dbt', 'action': 'invocation', 'label': 'end', 'context': [<snowplow_tracker.self_describing_json.SelfDescribingJson object at 0x7fcba4c48df0>, <snowplow_tracker.self_describing_json.SelfDescribingJson object at 0x7fcb9f179be0>, <snowplow_tracker.self_describing_json.SelfDescribingJson object at 0x7fcb9f179d60>]}


============================== 2022-03-07 19:27:46.951142 | 4e62d01b-9484-41d5-9887-d6823bdea613 ==============================
19:27:46.951142 [info ] [MainThread]: Running with dbt=1.0.3
19:27:46.951508 [debug] [MainThread]: running dbt with arguments Namespace(record_timing_info=None, debug=None, log_format=None, write_json=None, use_colors=None, printer_width=None, warn_error=None, version_check=None, partial_parse=None, single_threaded=False, use_experimental_parser=None, static_parser=None, profiles_dir='/home/mateo/.dbt', send_anonymous_usage_stats=None, fail_fast=None, event_buffer_size=None, project_dir=None, profile=None, target=None, vars='{}', log_cache_events=False, config_dir=False, defer=None, state=None, cls=<class 'dbt.task.debug.DebugTask'>, which='debug', rpc_method=None)
19:27:46.951689 [debug] [MainThread]: Tracking: tracking
19:27:46.955262 [debug] [MainThread]: Sending event: {'category': 'dbt', 'action': 'invocation', 'label': 'start', 'context': [<snowplow_tracker.self_describing_json.SelfDescribingJson object at 0x7f995eecf8e0>, <snowplow_tracker.self_describing_json.SelfDescribingJson object at 0x7f995eecf730>, <snowplow_tracker.self_describing_json.SelfDescribingJson object at 0x7f995eecf820>]}
19:27:47.347840 [debug] [MainThread]: Executing "git --help"
19:27:47.353459 [debug] [MainThread]: STDOUT: "b"usage: git [--version] [--help] [-C <path>] [-c <name>=<value>]\n           [--exec-path[=<path>]] [--html-path] [--man-path] [--info-path]\n           [-p | --paginate | --no-pager] [--no-replace-objects] [--bare]\n           [--git-dir=<path>] [--work-tree=<path>] [--namespace=<name>]\n           <command> [<args>]\n\nThese are common Git commands used in various situations:\n\nstart a working area (see also: git help tutorial)\n   clone      Clone a repository into a new directory\n   init       Create an empty Git repository or reinitialize an existing one\n\nwork on the current change (see also: git help everyday)\n   add        Add file contents to the index\n   mv         Move or rename a file, a directory, or a symlink\n   reset      Reset current HEAD to the specified state\n   rm         Remove files from the working tree and from the index\n\nexamine the history and state (see also: git help revisions)\n   bisect     Use binary search to find the commit that introduced a bug\n   grep       Print lines matching a pattern\n   log        Show commit logs\n   show       Show various types of objects\n   status     Show the working tree status\n\ngrow, mark and tweak your common history\n   branch     List, create, or delete branches\n   checkout   Switch branches or restore working tree files\n   commit     Record changes to the repository\n   diff       Show changes between commits, commit and working tree, etc\n   merge      Join two or more development histories together\n   rebase     Reapply commits on top of another base tip\n   tag        Create, list, delete or verify a tag object signed with GPG\n\ncollaborate (see also: git help workflows)\n   fetch      Download objects and refs from another repository\n   pull       Fetch from and integrate with another repository or a local branch\n   push       Update remote refs along with associated objects\n\n'git help -a' and 'git help -g' list available subcommands and some\nconcept guides. See 'git help <command>' or 'git help <concept>'\nto read about a specific subcommand or concept.\n""
19:27:47.353837 [debug] [MainThread]: STDERR: "b''"
19:27:47.357869 [debug] [MainThread]: Acquiring new bigquery connection "debug"
19:27:47.358436 [debug] [MainThread]: Opening a new connection, currently in state init
19:27:47.364322 [debug] [MainThread]: On debug: select 1 as id
19:27:49.716841 [debug] [MainThread]: Sending event: {'category': 'dbt', 'action': 'invocation', 'label': 'end', 'context': [<snowplow_tracker.self_describing_json.SelfDescribingJson object at 0x7f994a4f2c70>, <snowplow_tracker.self_describing_json.SelfDescribingJson object at 0x7f994a4f2220>, <snowplow_tracker.self_describing_json.SelfDescribingJson object at 0x7f994a4f28b0>]}
19:27:50.310564 [debug] [MainThread]: Connection 'debug' was properly closed.
